This file contains any messages produced by compilers while
running configure, to aid debugging if configure makes a mistake.

It was created by zeromq configure package, which was
generated by GNU Autoconf 2.72.  Invocation command line was

  $ ./configure --prefix=/host/sage-manylinux_2_28_x86_64 --libdir=/host/sage-manylinux_2_28_x86_64/lib --disable-static --disable-maintainer-mode --disable-dependency-tracking --with-gaproot=/host/sage-manylinux_2_28_x86_64/lib/gap/

## --------- ##
## Platform. ##
## --------- ##

hostname = 878ea4327eea
uname -m = x86_64
uname -r = 6.11.0-1018-azure
uname -s = Linux
uname -v = #18~24.04.1-Ubuntu SMP Sat Jun 28 04:46:03 UTC 2025

/usr/bin/uname -p = x86_64
/bin/uname -X     = unknown

/bin/arch              = x86_64
/usr/bin/arch -k       = unknown
/usr/convex/getsysinfo = unknown
/usr/bin/hostinfo      = unknown
/bin/machine           = unknown
/usr/bin/oslevel       = unknown
/bin/universe          = unknown

PATH: /host/sage-manylinux_2_28_x86_64/libexec/ccache/
PATH: /project/build/bin/
PATH: /project/tools/
PATH: /host/sage-manylinux_2_28_x86_64/var/lib/sage/venv-python3.9/bin/
PATH: /host/sage-manylinux_2_28_x86_64/bin/
PATH: /host/sage-manylinux_2_28_x86_64/libexec/ccache/
PATH: /project/build/bin/
PATH: /project/tools/
PATH: /host/sage-manylinux_2_28_x86_64/bin/
PATH: /project/src/bin/
PATH: /host/sage-manylinux_2_28_x86_64/bin/
PATH: /project/build/bin/
PATH: /project/src/bin/
PATH: /host/sage-manylinux_2_28_x86_64/bin/
PATH: /project/prefix/bin/
PATH: /opt/python/cp39-cp39/bin/
PATH: /opt/rh/gcc-toolset-14/root/usr/bin/
PATH: /usr/local/sbin/
PATH: /usr/local/bin/
PATH: /usr/sbin/
PATH: /usr/bin/
PATH: /sbin/
PATH: /bin/


## ----------- ##
## Core tests. ##
## ----------- ##

configure:2350: checking for gcc
configure:2383: result: gcc
configure:2742: checking for C compiler version
configure:2751: gcc --version >&5
gcc (GCC) 14.2.1 20250110 (Red Hat 14.2.1-7)
Copyright (C) 2024 Free Software Foundation, Inc.
This is free software; see the source for copying conditions.  There is NO
warranty; not even for MERCHANTABILITY or FITNESS FOR A PARTICULAR PURPOSE.

configure:2762: $? = 0
configure:2751: gcc -v >&5
Using built-in specs.
COLLECT_GCC=/opt/rh/gcc-toolset-14/root/usr/bin/gcc
COLLECT_LTO_WRAPPER=/opt/rh/gcc-toolset-14/root/usr/libexec/gcc/x86_64-redhat-linux/14/lto-wrapper
OFFLOAD_TARGET_NAMES=nvptx-none
OFFLOAD_TARGET_DEFAULT=1
Target: x86_64-redhat-linux
Configured with: ../configure --enable-bootstrap --enable-languages=c,c++,fortran,lto --prefix=/opt/rh/gcc-toolset-14/root/usr --mandir=/opt/rh/gcc-toolset-14/root/usr/share/man --infodir=/opt/rh/gcc-toolset-14/root/usr/share/info --with-bugurl=http://bugzilla.redhat.com/bugzilla --enable-shared --enable-threads=posix --enable-checking=release --enable-multilib --with-system-zlib --enable-__cxa_atexit --disable-libunwind-exceptions --enable-gnu-unique-object --enable-linker-build-id --with-gcc-major-version-only --enable-libstdcxx-backtrace --with-libstdcxx-zoneinfo=/usr/share/zoneinfo --with-linker-hash-style=gnu --enable-plugin --enable-initfini-array --with-isl=/builddir/build/BUILD/gcc-14.2.1-20250110/obj-x86_64-redhat-linux/isl-install --enable-offload-targets=nvptx-none --without-cuda-driver --enable-offload-defaulted --enable-gnu-indirect-function --enable-cet --with-tune=generic --with-arch_32=x86-64 --build=x86_64-redhat-linux
Thread model: posix
Supported LTO compression algorithms: zlib zstd
gcc version 14.2.1 20250110 (Red Hat 14.2.1-7) (GCC) 
... rest of stderr output deleted ...
configure:2762: $? = 0
configure:2751: gcc -V >&5
gcc: error: unrecognized command-line option '-V'
gcc: fatal error: no input files
compilation terminated.
configure:2762: $? = 1
configure:2751: gcc -qversion >&5
gcc: error: unrecognized command-line option '-qversion'; did you mean '--version'?
gcc: fatal error: no input files
compilation terminated.
configure:2762: $? = 1
configure:2751: gcc -version >&5
gcc: error: unrecognized command-line option '-version'
gcc: fatal error: no input files
compilation terminated.
configure:2762: $? = 1
configure:2782: checking whether the C compiler works
configure:2804: gcc -g -O2 -Wno-implicit-function-declaration  -Wl,-rpath-link,/host/sage-manylinux_2_28_x86_64/lib -L/host/sage-manylinux_2_28_x86_64/lib -Wl,-rpath,/host/sage-manylinux_2_28_x86_64/lib -L/host/sage-manylinux_2_28_x86_64/lib -Wl,-rpath-link,/host/sage-manylinux_2_28_x86_64/lib -L/host/sage-manylinux_2_28_x86_64/lib -Wl,-rpath,/host/sage-manylinux_2_28_x86_64/lib  conftest.c  >&5
configure:2808: $? = 0
configure:2859: result: yes
configure:2863: checking for C compiler default output file name
configure:2865: result: a.out
configure:2871: checking for suffix of executables
configure:2878: gcc -o conftest -g -O2 -Wno-implicit-function-declaration  -Wl,-rpath-link,/host/sage-manylinux_2_28_x86_64/lib -L/host/sage-manylinux_2_28_x86_64/lib -Wl,-rpath,/host/sage-manylinux_2_28_x86_64/lib -L/host/sage-manylinux_2_28_x86_64/lib -Wl,-rpath-link,/host/sage-manylinux_2_28_x86_64/lib -L/host/sage-manylinux_2_28_x86_64/lib -Wl,-rpath,/host/sage-manylinux_2_28_x86_64/lib  conftest.c  >&5
configure:2882: $? = 0
configure:2906: result: 
configure:2930: checking whether we are cross compiling
configure:2938: gcc -o conftest -g -O2 -Wno-implicit-function-declaration  -Wl,-rpath-link,/host/sage-manylinux_2_28_x86_64/lib -L/host/sage-manylinux_2_28_x86_64/lib -Wl,-rpath,/host/sage-manylinux_2_28_x86_64/lib -L/host/sage-manylinux_2_28_x86_64/lib -Wl,-rpath-link,/host/sage-manylinux_2_28_x86_64/lib -L/host/sage-manylinux_2_28_x86_64/lib -Wl,-rpath,/host/sage-manylinux_2_28_x86_64/lib  conftest.c  >&5
configure:2942: $? = 0
configure:2949: ./conftest
configure:2953: $? = 0
configure:2968: result: no
configure:2974: checking for suffix of object files
configure:2997: gcc -c -g -O2 -Wno-implicit-function-declaration  conftest.c >&5
configure:3001: $? = 0
configure:3025: result: o
configure:3029: checking whether the compiler supports GNU C
configure:3049: gcc -c -g -O2 -Wno-implicit-function-declaration  conftest.c >&5
configure:3049: $? = 0
configure:3061: result: yes
configure:3072: checking whether gcc accepts -g
configure:3093: gcc -c -g  conftest.c >&5
configure:3093: $? = 0
configure:3140: result: yes
configure:3160: checking for gcc option to enable C11 features
configure:3175: gcc  -c -g -O2 -Wno-implicit-function-declaration  conftest.c >&5
configure:3175: $? = 0
configure:3194: result: none needed
configure:3329: checking for GAP root directory
configure:3346: result: /host/sage-manylinux_2_28_x86_64/lib/gap
configure:3370: checking for GAP architecture
configure:3377: result: x86_64-pc-linux-gnu-default64-kv10
configure:3429: checking for stdio.h
configure:3429: gcc -c -g -O2 -Wno-implicit-function-declaration  conftest.c >&5
configure:3429: $? = 0
configure:3429: result: yes
configure:3429: checking for stdlib.h
configure:3429: gcc -c -g -O2 -Wno-implicit-function-declaration  conftest.c >&5
configure:3429: $? = 0
configure:3429: result: yes
configure:3429: checking for string.h
configure:3429: gcc -c -g -O2 -Wno-implicit-function-declaration  conftest.c >&5
configure:3429: $? = 0
configure:3429: result: yes
configure:3429: checking for inttypes.h
configure:3429: gcc -c -g -O2 -Wno-implicit-function-declaration  conftest.c >&5
configure:3429: $? = 0
configure:3429: result: yes
configure:3429: checking for stdint.h
configure:3429: gcc -c -g -O2 -Wno-implicit-function-declaration  conftest.c >&5
configure:3429: $? = 0
configure:3429: result: yes
configure:3429: checking for strings.h
configure:3429: gcc -c -g -O2 -Wno-implicit-function-declaration  conftest.c >&5
configure:3429: $? = 0
configure:3429: result: yes
configure:3429: checking for sys/stat.h
configure:3429: gcc -c -g -O2 -Wno-implicit-function-declaration  conftest.c >&5
configure:3429: $? = 0
configure:3429: result: yes
configure:3429: checking for sys/types.h
configure:3429: gcc -c -g -O2 -Wno-implicit-function-declaration  conftest.c >&5
configure:3429: $? = 0
configure:3429: result: yes
configure:3429: checking for unistd.h
configure:3429: gcc -c -g -O2 -Wno-implicit-function-declaration  conftest.c >&5
configure:3429: $? = 0
configure:3429: result: yes
configure:3459: checking how to run the C preprocessor
configure:3485: gcc -E  conftest.c
configure:3485: $? = 0
configure:3501: gcc -E  conftest.c
conftest.c:19:10: fatal error: ac_nonexistent.h: No such file or directory
   19 | #include <ac_nonexistent.h>
      |          ^~~~~~~~~~~~~~~~~~
compilation terminated.
configure:3501: $? = 1
configure: failed program was:
| /* confdefs.h */
| #define PACKAGE_NAME "zeromq"
| #define PACKAGE_TARNAME "ZeroMQInterface"
| #define PACKAGE_VERSION "package"
| #define PACKAGE_STRING "zeromq package"
| #define PACKAGE_BUGREPORT "https://github.com/gap-packages/zeromq/issues"
| #define PACKAGE_URL "https://gap-packages.github.io/ZeroMQInterface/"
| #define HAVE_STDIO_H 1
| #define HAVE_STDLIB_H 1
| #define HAVE_STRING_H 1
| #define HAVE_INTTYPES_H 1
| #define HAVE_STDINT_H 1
| #define HAVE_STRINGS_H 1
| #define HAVE_SYS_STAT_H 1
| #define HAVE_SYS_TYPES_H 1
| #define HAVE_UNISTD_H 1
| #define STDC_HEADERS 1
| /* end confdefs.h.  */
| #include <ac_nonexistent.h>
configure:3530: result: gcc -E
configure:3544: gcc -E  conftest.c
configure:3544: $? = 0
configure:3560: gcc -E  conftest.c
conftest.c:19:10: fatal error: ac_nonexistent.h: No such file or directory
   19 | #include <ac_nonexistent.h>
      |          ^~~~~~~~~~~~~~~~~~
compilation terminated.
configure:3560: $? = 1
configure: failed program was:
| /* confdefs.h */
| #define PACKAGE_NAME "zeromq"
| #define PACKAGE_TARNAME "ZeroMQInterface"
| #define PACKAGE_VERSION "package"
| #define PACKAGE_STRING "zeromq package"
| #define PACKAGE_BUGREPORT "https://github.com/gap-packages/zeromq/issues"
| #define PACKAGE_URL "https://gap-packages.github.io/ZeroMQInterface/"
| #define HAVE_STDIO_H 1
| #define HAVE_STDLIB_H 1
| #define HAVE_STRING_H 1
| #define HAVE_INTTYPES_H 1
| #define HAVE_STDINT_H 1
| #define HAVE_STRINGS_H 1
| #define HAVE_SYS_STAT_H 1
| #define HAVE_SYS_TYPES_H 1
| #define HAVE_UNISTD_H 1
| #define STDC_HEADERS 1
| /* end confdefs.h.  */
| #include <ac_nonexistent.h>
configure:3593: checking for egrep -e
configure:3723: result: /usr/bin/grep -E
configure:3766: checking for zmq.h
configure:3766: gcc -c -g -O2 -Wno-implicit-function-declaration   conftest.c >&5
configure:3766: $? = 0
configure:3766: result: yes
configure:3784: checking for ZMQ version >= 2.0.0
configure:3800: result: yes
configure:3987: creating ./config.status

## ---------------------- ##
## Running config.status. ##
## ---------------------- ##

This file was extended by zeromq config.status package, which was
generated by GNU Autoconf 2.72.  Invocation command line was

  CONFIG_FILES    = 
  CONFIG_HEADERS  = 
  CONFIG_LINKS    = 
  CONFIG_COMMANDS = 
  $ ./config.status 

on 878ea4327eea

config.status:730: creating Makefile
configure:4987: WARNING: unrecognized options: --disable-static, --disable-maintainer-mode, --disable-dependency-tracking

## ---------------- ##
## Cache variables. ##
## ---------------- ##

ac_cv_c_compiler_gnu=yes
ac_cv_env_CC_set=set
ac_cv_env_CC_value=gcc
ac_cv_env_CFLAGS_set=set
ac_cv_env_CFLAGS_value='-g -O2 -Wno-implicit-function-declaration'
ac_cv_env_CPPFLAGS_set=
ac_cv_env_CPPFLAGS_value=
ac_cv_env_CPP_set=
ac_cv_env_CPP_value=
ac_cv_env_LDFLAGS_set=set
ac_cv_env_LDFLAGS_value='-Wl,-rpath-link,/host/sage-manylinux_2_28_x86_64/lib -L/host/sage-manylinux_2_28_x86_64/lib -Wl,-rpath,/host/sage-manylinux_2_28_x86_64/lib -L/host/sage-manylinux_2_28_x86_64/lib -Wl,-rpath-link,/host/sage-manylinux_2_28_x86_64/lib -L/host/sage-manylinux_2_28_x86_64/lib -Wl,-rpath,/host/sage-manylinux_2_28_x86_64/lib '
ac_cv_env_LIBS_set=
ac_cv_env_LIBS_value=
ac_cv_env_build_alias_set=
ac_cv_env_build_alias_value=
ac_cv_env_host_alias_set=
ac_cv_env_host_alias_value=
ac_cv_env_target_alias_set=
ac_cv_env_target_alias_value=
ac_cv_header_inttypes_h=yes
ac_cv_header_stdint_h=yes
ac_cv_header_stdio_h=yes
ac_cv_header_stdlib_h=yes
ac_cv_header_string_h=yes
ac_cv_header_strings_h=yes
ac_cv_header_sys_stat_h=yes
ac_cv_header_sys_types_h=yes
ac_cv_header_unistd_h=yes
ac_cv_header_zmq_h=yes
ac_cv_objext=o
ac_cv_path_EGREP_TRADITIONAL='/usr/bin/grep -E'
ac_cv_prog_CPP='gcc -E'
ac_cv_prog_ac_ct_CC=gcc
ac_cv_prog_cc_c11=
ac_cv_prog_cc_g=yes
ac_cv_prog_cc_stdc=

## ----------------- ##
## Output variables. ##
## ----------------- ##

CC='gcc'
CFLAGS='-g -O2 -Wno-implicit-function-declaration'
CPP='gcc -E'
CPPFLAGS=' '
DEFS='-DPACKAGE_NAME=\"zeromq\" -DPACKAGE_TARNAME=\"ZeroMQInterface\" -DPACKAGE_VERSION=\"package\" -DPACKAGE_STRING=\"zeromq\ package\" -DPACKAGE_BUGREPORT=\"https://github.com/gap-packages/zeromq/issues\" -DPACKAGE_URL=\"https://gap-packages.github.io/ZeroMQInterface/\" -DHAVE_STDIO_H=1 -DHAVE_STDLIB_H=1 -DHAVE_STRING_H=1 -DHAVE_INTTYPES_H=1 -DHAVE_STDINT_H=1 -DHAVE_STRINGS_H=1 -DHAVE_SYS_STAT_H=1 -DHAVE_SYS_TYPES_H=1 -DHAVE_UNISTD_H=1 -DSTDC_HEADERS=1 -DHAVE_ZMQ=/\*\*/'
ECHO_C=''
ECHO_N='-n'
ECHO_T=''
EXEEXT=''
GAPARCH='x86_64-pc-linux-gnu-default64-kv10'
GAPROOT='/host/sage-manylinux_2_28_x86_64/lib/gap'
GAP_CFLAGS=' -pthread -g -O2'
GAP_CPPFLAGS='-I/host/sage-manylinux_2_28_x86_64/include/gap/extra -DUSE_GASMAN=1 -I/src'
GAP_LDFLAGS=''
LDFLAGS='-Wl,-rpath-link,/host/sage-manylinux_2_28_x86_64/lib -L/host/sage-manylinux_2_28_x86_64/lib -Wl,-rpath,/host/sage-manylinux_2_28_x86_64/lib -L/host/sage-manylinux_2_28_x86_64/lib -Wl,-rpath-link,/host/sage-manylinux_2_28_x86_64/lib -L/host/sage-manylinux_2_28_x86_64/lib -Wl,-rpath,/host/sage-manylinux_2_28_x86_64/lib '
LIBOBJS=''
LIBS=''
LTLIBOBJS=''
OBJEXT='o'
PACKAGE_BUGREPORT='https://github.com/gap-packages/zeromq/issues'
PACKAGE_NAME='zeromq'
PACKAGE_STRING='zeromq package'
PACKAGE_TARNAME='ZeroMQInterface'
PACKAGE_URL='https://gap-packages.github.io/ZeroMQInterface/'
PACKAGE_VERSION='package'
PATH_SEPARATOR=':'
SHELL='/usr/bin/bash'
ZMQ_CPPFLAGS=''
ZMQ_LDFLAGS=''
ZMQ_LIBS='-lzmq'
ac_ct_CC='gcc'
bindir='${exec_prefix}/bin'
build_alias=''
datadir='${datarootdir}'
datarootdir='${prefix}/share'
docdir='${datarootdir}/doc/${PACKAGE_TARNAME}'
dvidir='${docdir}'
exec_prefix='${prefix}'
host_alias=''
htmldir='${docdir}'
includedir='${prefix}/include'
infodir='${datarootdir}/info'
libdir='/host/sage-manylinux_2_28_x86_64/lib'
libexecdir='${exec_prefix}/libexec'
localedir='${datarootdir}/locale'
localstatedir='${prefix}/var'
mandir='${datarootdir}/man'
oldincludedir='/usr/include'
pdfdir='${docdir}'
prefix='/host/sage-manylinux_2_28_x86_64'
program_transform_name='s,x,x,'
psdir='${docdir}'
runstatedir='${localstatedir}/run'
sbindir='${exec_prefix}/sbin'
sharedstatedir='${prefix}/com'
sysconfdir='${prefix}/etc'
target_alias=''

## ----------- ##
## confdefs.h. ##
## ----------- ##

/* confdefs.h */
#define PACKAGE_NAME "zeromq"
#define PACKAGE_TARNAME "ZeroMQInterface"
#define PACKAGE_VERSION "package"
#define PACKAGE_STRING "zeromq package"
#define PACKAGE_BUGREPORT "https://github.com/gap-packages/zeromq/issues"
#define PACKAGE_URL "https://gap-packages.github.io/ZeroMQInterface/"
#define HAVE_STDIO_H 1
#define HAVE_STDLIB_H 1
#define HAVE_STRING_H 1
#define HAVE_INTTYPES_H 1
#define HAVE_STDINT_H 1
#define HAVE_STRINGS_H 1
#define HAVE_SYS_STAT_H 1
#define HAVE_SYS_TYPES_H 1
#define HAVE_UNISTD_H 1
#define STDC_HEADERS 1
#define HAVE_ZMQ /**/

configure: exit 0
